2023-02-16T19:21:31.894643+0400 0, 0.29652777314186096, 0.3941406309604645, 0.0486111119389534, 0.03984374925494194, 0.7717819809913635
, 0, 0.3645833432674408, 0.3968749940395355, 0.04305555671453476, 0.04062499850988388, 0.7010836005210876
, 0, 0.42916667461395264, 0.39453125, 0.04444444552063942, 0.0390625, 0.769550085067749
, 3, 0.49444442987442017, 0.3941406309604645, 0.0416666679084301, 0.03984374925494194, 0.7755732536315918
, 4, 0.5604166388511658, 0.39140623807907104, 0.04027777910232544, 0.0390625, 0.72199547290802
, 3, 0.6298611164093018, 0.3929687440395355, 0.04027777910232544, 0.04062499850988388, 0.7452424168586731
, 2, 0.6951388716697693, 0.3949218690395355, 0.04305555671453476, 0.03671874850988388, 0.7411214709281921
, 7, 0.7597222328186035, 0.38593751192092896, 0.03888889029622078, 0.03281249850988388, 0.3667661249637604
, dial, 0.5270833373069763, 0.3929687440395355, 0.5319444537162781, 0.07968749850988388, 0.8313941359519958

2023-02-16T19:24:24.490869+0400 0, 0.29652777314186096, 0.3941406309604645, 0.0486111119389534, 0.03984374925494194, 0.7717819809913635
, 0, 0.3645833432674408, 0.3968749940395355, 0.04305555671453476, 0.04062499850988388, 0.7010836005210876
, 0, 0.42916667461395264, 0.39453125, 0.04444444552063942, 0.0390625, 0.769550085067749
, 3, 0.49444442987442017, 0.3941406309604645, 0.0416666679084301, 0.03984374925494194, 0.7755732536315918
, 4, 0.5604166388511658, 0.39140623807907104, 0.04027777910232544, 0.0390625, 0.72199547290802
, 3, 0.6298611164093018, 0.3929687440395355, 0.04027777910232544, 0.04062499850988388, 0.7452424168586731
, 2, 0.6951388716697693, 0.3949218690395355, 0.04305555671453476, 0.03671874850988388, 0.7411214709281921
, 7, 0.7597222328186035, 0.38593751192092896, 0.03888889029622078, 0.03281249850988388, 0.3667661249637604
, dial, 0.5270833373069763, 0.3929687440395355, 0.5319444537162781, 0.07968749850988388, 0.8313941359519958

2023-02-17T23:40:29.585634+0400 0, 0.29652777314186096, 0.3941406309604645, 0.0486111119389534, 0.03984374925494194, 0.7717819809913635
, 0, 0.3645833432674408, 0.3968749940395355, 0.04305555671453476, 0.04062499850988388, 0.7010836005210876
, 0, 0.42916667461395264, 0.39453125, 0.04444444552063942, 0.0390625, 0.769550085067749
, 3, 0.49444442987442017, 0.3941406309604645, 0.0416666679084301, 0.03984374925494194, 0.7755732536315918
, 4, 0.5604166388511658, 0.39140623807907104, 0.04027777910232544, 0.0390625, 0.72199547290802
, 3, 0.6298611164093018, 0.3929687440395355, 0.04027777910232544, 0.04062499850988388, 0.7452424168586731
, 2, 0.6951388716697693, 0.3949218690395355, 0.04305555671453476, 0.03671874850988388, 0.7411214709281921
, 7, 0.7597222328186035, 0.38593751192092896, 0.03888889029622078, 0.03281249850988388, 0.3667661249637604
, dial, 0.5270833373069763, 0.3929687440395355, 0.5319444537162781, 0.07968749850988388, 0.8313941359519958

2023-02-17T23:46:40.116756+0400 
0, 0.29652777314186096, 0.3941406309604645, 0.0486111119389534, 0.03984374925494194, 0.7717819809913635
0, 0.3645833432674408, 0.3968749940395355, 0.04305555671453476, 0.04062499850988388, 0.7010836005210876
0, 0.42916667461395264, 0.39453125, 0.04444444552063942, 0.0390625, 0.769550085067749
3, 0.49444442987442017, 0.3941406309604645, 0.0416666679084301, 0.03984374925494194, 0.7755732536315918
4, 0.5604166388511658, 0.39140623807907104, 0.04027777910232544, 0.0390625, 0.72199547290802
3, 0.6298611164093018, 0.3929687440395355, 0.04027777910232544, 0.04062499850988388, 0.7452424168586731
2, 0.6951388716697693, 0.3949218690395355, 0.04305555671453476, 0.03671874850988388, 0.7411214709281921
7, 0.7597222328186035, 0.38593751192092896, 0.03888889029622078, 0.03281249850988388, 0.3667661249637604
dial, 0.5270833373069763, 0.3929687440395355, 0.5319444537162781, 0.07968749850988388, 0.8313941359519958
2023-02-17T23:49:41.160882+0400 
0, 0.29652777314186096, 0.3941406309604645, 0.0486111119389534, 0.03984374925494194, 0.7717819809913635
0, 0.3645833432674408, 0.3968749940395355, 0.04305555671453476, 0.04062499850988388, 0.7010836005210876
0, 0.42916667461395264, 0.39453125, 0.04444444552063942, 0.0390625, 0.769550085067749
3, 0.49444442987442017, 0.3941406309604645, 0.0416666679084301, 0.03984374925494194, 0.7755732536315918
4, 0.5604166388511658, 0.39140623807907104, 0.04027777910232544, 0.0390625, 0.72199547290802
3, 0.6298611164093018, 0.3929687440395355, 0.04027777910232544, 0.04062499850988388, 0.7452424168586731
2, 0.6951388716697693, 0.3949218690395355, 0.04305555671453476, 0.03671874850988388, 0.7411214709281921
7, 0.7597222328186035, 0.38593751192092896, 0.03888889029622078, 0.03281249850988388, 0.3667661249637604
dial, 0.5270833373069763, 0.3929687440395355, 0.5319444537162781, 0.07968749850988388, 0.8313941359519958
2023-02-17T23:52:36.085900+0400 
0, 0.29652777314186096, 0.3941406309604645, 0.0486111119389534, 0.03984374925494194, 0.7717819809913635
0, 0.3645833432674408, 0.3968749940395355, 0.04305555671453476, 0.04062499850988388, 0.7010836005210876
0, 0.42916667461395264, 0.39453125, 0.04444444552063942, 0.0390625, 0.769550085067749
3, 0.49444442987442017, 0.3941406309604645, 0.0416666679084301, 0.03984374925494194, 0.7755732536315918
4, 0.5604166388511658, 0.39140623807907104, 0.04027777910232544, 0.0390625, 0.72199547290802
3, 0.6298611164093018, 0.3929687440395355, 0.04027777910232544, 0.04062499850988388, 0.7452424168586731
2, 0.6951388716697693, 0.3949218690395355, 0.04305555671453476, 0.03671874850988388, 0.7411214709281921
7, 0.7597222328186035, 0.38593751192092896, 0.03888889029622078, 0.03281249850988388, 0.3667661249637604
dial, 0.5270833373069763, 0.3929687440395355, 0.5319444537162781, 0.07968749850988388, 0.8313941359519958
2023-02-17T23:52:48.718988+0400 
0, 0.29652777314186096, 0.3941406309604645, 0.0486111119389534, 0.03984374925494194, 0.7717819809913635
0, 0.3645833432674408, 0.3968749940395355, 0.04305555671453476, 0.04062499850988388, 0.7010836005210876
0, 0.42916667461395264, 0.39453125, 0.04444444552063942, 0.0390625, 0.769550085067749
3, 0.49444442987442017, 0.3941406309604645, 0.0416666679084301, 0.03984374925494194, 0.7755732536315918
4, 0.5604166388511658, 0.39140623807907104, 0.04027777910232544, 0.0390625, 0.72199547290802
3, 0.6298611164093018, 0.3929687440395355, 0.04027777910232544, 0.04062499850988388, 0.7452424168586731
2, 0.6951388716697693, 0.3949218690395355, 0.04305555671453476, 0.03671874850988388, 0.7411214709281921
7, 0.7597222328186035, 0.38593751192092896, 0.03888889029622078, 0.03281249850988388, 0.3667661249637604
dial, 0.5270833373069763, 0.3929687440395355, 0.5319444537162781, 0.07968749850988388, 0.8313941359519958
2023-03-01T01:43:27.783221+0400 
0, 0.29652777314186096, 0.3941406309604645, 0.0486111119389534, 0.03984374925494194, 0.7717819809913635
2023-03-01T01:45:12.073309+0400 
0, 0.29652777314186096, 0.3941406309604645, 0.0486111119389534, 0.03984374925494194, 0.7717819809913635
2023-03-01T01:45:16.295359+0400 
0, 0.29652777314186096, 0.3941406309604645, 0.0486111119389534, 0.03984374925494194, 0.7717819809913635
2023-03-01T01:45:59.223681+0400 
0, 0.29652777314186096, 0.3941406309604645, 0.0486111119389534, 0.03984374925494194, 0.7717819809913635
2023-03-01T01:46:36.178468+0400 
0, 0.29652777314186096, 0.3941406309604645, 0.0486111119389534, 0.03984374925494194, 0.7717819809913635
2023-03-01T01:48:02.599623+0400 
0, 0.29652777314186096, 0.3941406309604645, 0.0486111119389534, 0.03984374925494194, 0.7717819809913635
2023-03-01T01:48:24.512239+0400 
0, 0.29652777314186096, 0.3941406309604645, 0.0486111119389534, 0.03984374925494194, 0.7717819809913635
2023-03-01T01:59:03.571549+0400 
0, 0.29652777314186096, 0.3941406309604645, 0.0486111119389534, 0.03984374925494194, 0.7717819809913635
2023-03-01T02:01:47.275710+0400 
0, 0.29652777314186096, 0.3941406309604645, 0.0486111119389534, 0.03984374925494194, 0.7717819809913635
2023-03-01T09:25:15.216198+0400 
0, 0.29652777314186096, 0.3941406309604645, 0.0486111119389534, 0.03984374925494194, 0.7717819809913635
2023-03-01T09:26:34.448086+0400 
0, 0.29652777314186096, 0.3941406309604645, 0.0486111119389534, 0.03984374925494194, 0.7717819809913635
0, 0.3645833432674408, 0.3968749940395355, 0.04305555671453476, 0.04062499850988388, 0.7010836005210876
0, 0.42916667461395264, 0.39453125, 0.04444444552063942, 0.0390625, 0.769550085067749
3, 0.49444442987442017, 0.3941406309604645, 0.0416666679084301, 0.03984374925494194, 0.7755732536315918
4, 0.5604166388511658, 0.39140623807907104, 0.04027777910232544, 0.0390625, 0.72199547290802
3, 0.6298611164093018, 0.3929687440395355, 0.04027777910232544, 0.04062499850988388, 0.7452424168586731
2, 0.6951388716697693, 0.3949218690395355, 0.04305555671453476, 0.03671874850988388, 0.7411214709281921
7, 0.7597222328186035, 0.38593751192092896, 0.03888889029622078, 0.03281249850988388, 0.3667661249637604
dial, 0.5270833373069763, 0.3929687440395355, 0.5319444537162781, 0.07968749850988388, 0.8313941359519958
2023-03-01T09:26:56.358222+0400 
0, 0.29652777314186096, 0.3941406309604645, 0.0486111119389534, 0.03984374925494194, 0.7717819809913635
0, 0.3645833432674408, 0.3968749940395355, 0.04305555671453476, 0.04062499850988388, 0.7010836005210876
0, 0.42916667461395264, 0.39453125, 0.04444444552063942, 0.0390625, 0.769550085067749
3, 0.49444442987442017, 0.3941406309604645, 0.0416666679084301, 0.03984374925494194, 0.7755732536315918
4, 0.5604166388511658, 0.39140623807907104, 0.04027777910232544, 0.0390625, 0.72199547290802
3, 0.6298611164093018, 0.3929687440395355, 0.04027777910232544, 0.04062499850988388, 0.7452424168586731
2, 0.6951388716697693, 0.3949218690395355, 0.04305555671453476, 0.03671874850988388, 0.7411214709281921
7, 0.7597222328186035, 0.38593751192092896, 0.03888889029622078, 0.03281249850988388, 0.3667661249637604
dial, 0.5270833373069763, 0.3929687440395355, 0.5319444537162781, 0.07968749850988388, 0.8313941359519958
